Compiling 31 files with Solc 0.8.30
Solc 0.8.30 finished in 1.61s
Compiler run successful with warnings:
Warning (2072): Unused local variable.
  --> test/EquivalenceTest.t.sol:94:9:
   |
94 |         uint256 wrong_optimization = (n * n) / 2;
   |         ^^^^^^^^^^^^^^^^^^^^^^^^^^

Warning (5667): Unused try/catch parameter. Remove or comment out the variable name to silence this warning.
  --> test/EquivalenceTest.t.sol:96:44:
   |
96 |         try original.sumSeries(n) returns (uint256 res) {
   |                                            ^^^^^^^^^^^

Warning (2018): Function state mutability can be restricted to view
  --> test/AutoEquivalenceTest.t.sol:28:5:
   |
28 |     function assertStateEquivalence() internal {
   |     ^ (Relevant source part starts here and spans across multiple lines).

Warning (2018): Function state mutability can be restricted to view
  --> test/EquivalenceTest.t.sol:89:5:
   |
89 |     function check_bug_detection(uint256 n) public {
   |     ^ (Relevant source part starts here and spans across multiple lines).

note[screaming-snake-case-immutable]: immutables should use SCREAMING_SNAKE_CASE
 --> /Users/sourenakhanzadeh/programming/thesis/formal_verification/halmosProj/src/CappedDepositsOpt.sol:7:30
  |
7 |     uint256 public immutable cap;
  |                              ---
  |
  = help: https://book.getfoundry.sh/reference/forge/forge-lint#screaming-snake-case-immutable

note[unaliased-plain-import]: use named imports '{A, B}' or alias 'import ".." as X'
 --> /Users/sourenakhanzadeh/programming/thesis/formal_verification/halmosProj/test/AutoEquivalenceTest.t.sol:6:8
  |
6 | import "halmos-cheatcodes/SymTest.sol";
  |        -------------------------------
  |
  = help: https://book.getfoundry.sh/reference/forge/forge-lint#unaliased-plain-import

note[unaliased-plain-import]: use named imports '{A, B}' or alias 'import ".." as X'
 --> /Users/sourenakhanzadeh/programming/thesis/formal_verification/halmosProj/test/AutoEquivalenceTest.t.sol:7:8
  |
7 | import "forge-std/Test.sol";
  |        --------------------
  |
  = help: https://book.getfoundry.sh/reference/forge/forge-lint#unaliased-plain-import

note[mixed-case-function]: function names should use mixedCase
  --> /Users/sourenakhanzadeh/programming/thesis/formal_verification/halmosProj/test/AutoEquivalenceTest.t.sol:36:14
   |
36 |     function check_function_equivalence(
   |              --------------------------
   |
   = help: https://book.getfoundry.sh/reference/forge/forge-lint#mixed-case-function

note[screaming-snake-case-immutable]: immutables should use SCREAMING_SNAKE_CASE
 --> /Users/sourenakhanzadeh/programming/thesis/formal_verification/halmosProj/src/CappedDeposits.sol:7:30
  |
7 |     uint256 public immutable cap;
  |                              ---
  |
  = help: https://book.getfoundry.sh/reference/forge/forge-lint#screaming-snake-case-immutable

note[unaliased-plain-import]: use named imports '{A, B}' or alias 'import ".." as X'
 --> /Users/sourenakhanzadeh/programming/thesis/formal_verification/halmosProj/test/EquivalenceTest.t.sol:4:8
  |
4 | import "halmos-cheatcodes/SymTest.sol";
  |        -------------------------------
  |
  = help: https://book.getfoundry.sh/reference/forge/forge-lint#unaliased-plain-import

note[unaliased-plain-import]: use named imports '{A, B}' or alias 'import ".." as X'
 --> /Users/sourenakhanzadeh/programming/thesis/formal_verification/halmosProj/test/EquivalenceTest.t.sol:5:8
  |
5 | import "forge-std/Test.sol";
  |        --------------------
  |
  = help: https://book.getfoundry.sh/reference/forge/forge-lint#unaliased-plain-import

note[mixed-case-function]: function names should use mixedCase
  --> /Users/sourenakhanzadeh/programming/thesis/formal_verification/halmosProj/test/EquivalenceTest.t.sol:54:14
   |
54 |     function check_equivalence_sumSeries(uint256 n) public {
   |              ---------------------------
   |
   = help: https://book.getfoundry.sh/reference/forge/forge-lint#mixed-case-function

note[mixed-case-function]: function names should use mixedCase
  --> /Users/sourenakhanzadeh/programming/thesis/formal_verification/halmosProj/test/EquivalenceTest.t.sol:89:14
   |
89 |     function check_bug_detection(uint256 n) public {
   |              -------------------
   |
   = help: https://book.getfoundry.sh/reference/forge/forge-lint#mixed-case-function

note[mixed-case-variable]: mutable variables should use mixedCase
  --> /Users/sourenakhanzadeh/programming/thesis/formal_verification/halmosProj/test/EquivalenceTest.t.sol:94:17
   |
94 |         uint256 wrong_optimization = (n * n) / 2;
   |                 ------------------
   |
   = help: https://book.getfoundry.sh/reference/forge/forge-lint#mixed-case-variable

note[mixed-case-function]: function names should use mixedCase
  --> /Users/sourenakhanzadeh/programming/thesis/formal_verification/halmosProj/test/AutoEquivalenceTest.t.sol:57:14
   |
57 |     function check_equivalence_clearFlag(uint8 bitPosition) public {
   |              ---------------------------
   |
   = help: https://book.getfoundry.sh/reference/forge/forge-lint#mixed-case-function

note[mixed-case-function]: function names should use mixedCase
  --> /Users/sourenakhanzadeh/programming/thesis/formal_verification/halmosProj/test/AutoEquivalenceTest.t.sol:67:14
   |
67 |     function check_equivalence_setFlag(uint8 bitPosition) public {
   |              -------------------------
   |
   = help: https://book.getfoundry.sh/reference/forge/forge-lint#mixed-case-function


Running 2 tests for test/AutoEquivalenceTest.t.sol:AutoEquivalenceTest
[32m[PASS][0m check_equivalence_clearFlag(uint8) (paths: 2, time: 0.01s, bounds: [])
[32m[PASS][0m check_equivalence_setFlag(uint8) (paths: 2, time: 0.01s, bounds: [])
Symbolic test result: 2 passed; 0 failed; time: 0.04s
