Compiling 29 files with Solc 0.8.30
Solc 0.8.30 finished in 1.60s
Compiler run successful with warnings:
Warning (2072): Unused local variable.
  --> test/EquivalenceTest.t.sol:94:9:
   |
94 |         uint256 wrong_optimization = (n * n) / 2;
   |         ^^^^^^^^^^^^^^^^^^^^^^^^^^

Warning (5667): Unused try/catch parameter. Remove or comment out the variable name to silence this warning.
  --> test/EquivalenceTest.t.sol:96:44:
   |
96 |         try original.sumSeries(n) returns (uint256 res) {
   |                                            ^^^^^^^^^^^

Warning (2018): Function state mutability can be restricted to view
  --> test/EquivalenceTest.t.sol:89:5:
   |
89 |     function check_bug_detection(uint256 n) public {
   |     ^ (Relevant source part starts here and spans across multiple lines).

note[unaliased-plain-import]: use named imports '{A, B}' or alias 'import ".." as X'
 --> /Users/sourenakhanzadeh/programming/thesis/formal_verification/halmosProj/test/AutoEquivalenceTest.t.sol:6:8
  |
6 | import "halmos-cheatcodes/SymTest.sol";
  |        -------------------------------
  |
  = help: https://book.getfoundry.sh/reference/forge/forge-lint#unaliased-plain-import

note[unaliased-plain-import]: use named imports '{A, B}' or alias 'import ".." as X'
 --> /Users/sourenakhanzadeh/programming/thesis/formal_verification/halmosProj/test/EquivalenceTest.t.sol:4:8
  |
4 | import "halmos-cheatcodes/SymTest.sol";
  |        -------------------------------
  |
  = help: https://book.getfoundry.sh/reference/forge/forge-lint#unaliased-plain-import

note[unaliased-plain-import]: use named imports '{A, B}' or alias 'import ".." as X'
 --> /Users/sourenakhanzadeh/programming/thesis/formal_verification/halmosProj/test/EquivalenceTest.t.sol:5:8
  |
5 | import "forge-std/Test.sol";
  |        --------------------
  |
  = help: https://book.getfoundry.sh/reference/forge/forge-lint#unaliased-plain-import

note[mixed-case-function]: function names should use mixedCase
  --> /Users/sourenakhanzadeh/programming/thesis/formal_verification/halmosProj/test/EquivalenceTest.t.sol:54:14
   |
54 |     function check_equivalence_sumSeries(uint256 n) public {
   |              ---------------------------
   |
   = help: https://book.getfoundry.sh/reference/forge/forge-lint#mixed-case-function

note[mixed-case-function]: function names should use mixedCase
  --> /Users/sourenakhanzadeh/programming/thesis/formal_verification/halmosProj/test/EquivalenceTest.t.sol:89:14
   |
89 |     function check_bug_detection(uint256 n) public {
   |              -------------------
   |
   = help: https://book.getfoundry.sh/reference/forge/forge-lint#mixed-case-function

note[mixed-case-variable]: mutable variables should use mixedCase
  --> /Users/sourenakhanzadeh/programming/thesis/formal_verification/halmosProj/test/EquivalenceTest.t.sol:94:17
   |
94 |         uint256 wrong_optimization = (n * n) / 2;
   |                 ------------------
   |
   = help: https://book.getfoundry.sh/reference/forge/forge-lint#mixed-case-variable

note[unaliased-plain-import]: use named imports '{A, B}' or alias 'import ".." as X'
 --> /Users/sourenakhanzadeh/programming/thesis/formal_verification/halmosProj/test/AutoEquivalenceTest.t.sol:7:8
  |
7 | import "forge-std/Test.sol";
  |        --------------------
  |
  = help: https://book.getfoundry.sh/reference/forge/forge-lint#unaliased-plain-import

note[mixed-case-function]: function names should use mixedCase
  --> /Users/sourenakhanzadeh/programming/thesis/formal_verification/halmosProj/test/AutoEquivalenceTest.t.sol:38:14
   |
38 |     function check_function_equivalence(
   |              --------------------------
   |
   = help: https://book.getfoundry.sh/reference/forge/forge-lint#mixed-case-function

note[mixed-case-function]: function names should use mixedCase
  --> /Users/sourenakhanzadeh/programming/thesis/formal_verification/halmosProj/test/AutoEquivalenceTest.t.sol:59:14
   |
59 |     function check_equivalence_fooBar() public {
   |              ------------------------
   |
   = help: https://book.getfoundry.sh/reference/forge/forge-lint#mixed-case-function

note[mixed-case-function]: function names should use mixedCase
  --> /Users/sourenakhanzadeh/programming/thesis/formal_verification/halmosProj/test/AutoEquivalenceTest.t.sol:69:14
   |
69 |     function check_equivalence_res() public {
   |              ---------------------
   |
   = help: https://book.getfoundry.sh/reference/forge/forge-lint#mixed-case-function


Running 3 tests for test/AutoEquivalenceTest.t.sol:AutoEquivalenceTest
[32m[PASS][0m check_equivalence_fooBar() (paths: 1, time: 0.09s, bounds: [])
[32m[PASS][0m check_equivalence_res() (paths: 1, time: 0.00s, bounds: [])
[31mCounterexample: 
    p_args_length_4972880_00 = 0x400
    p_selector_bytes4_f5cba07_00 = 0xfebb0f7e00000000000000000000000000000000000000000000000000000000[0m
[31mCounterexample: 
    p_args_length_4972880_00 = 0x400
    p_selector_bytes4_f5cba07_00 = 0xc298557800000000000000000000000000000000000000000000000000000000[0m
[31mCounterexample: 
    p_args_length_4972880_00 = 0x41
    p_selector_bytes4_f5cba07_00 = 0xfebb0f7e00000000000000000000000000000000000000000000000000000000[0m
[31mCounterexample: 
    p_args_length_4972880_00 = 0x41
    p_selector_bytes4_f5cba07_00 = 0xc298557800000000000000000000000000000000000000000000000000000000[0m
[31mCounterexample: 
    p_args_length_4972880_00 = 0x00
    p_selector_bytes4_f5cba07_00 = 0xfebb0f7e00000000000000000000000000000000000000000000000000000000[0m
[31mCounterexample: 
    p_args_length_4972880_00 = 0x00
    p_selector_bytes4_f5cba07_00 = 0xc298557800000000000000000000000000000000000000000000000000000000[0m
[31m[FAIL][0m check_function_equivalence(bytes4,bytes) (paths: 16, time: 0.37s, bounds: [args=[0, 65, 1024]])
Symbolic test result: 2 passed; 1 failed; time: 0.50s
