usage: halmos [-h] [--root ROOT] [--config FILE] [--contract CONTRACT_NAME]
              [--match-contract CONTRACT_NAME_REGEX]
              [--function FUNCTION_NAME_PREFIX]
              [--match-test FUNCTION_NAME_REGEX]
              [--panic-error-codes ERROR_CODE1,ERROR_CODE2,...]
              [--invariant-depth MAX_BOUND] [--loop MAX_BOUND]
              [--width MAX_WIDTH] [--depth MAX_DEPTH]
              [--array-lengths NAME1={LENGTH1,LENGTH2,...},NAME2=LENGTH3,...]
              [--default-array-lengths LENGTH1,LENGTH2,...]
              [--default-bytes-lengths LENGTH1,LENGTH2,...]
              [--storage-layout {solidity,generic}] [--ffi] [--version]
              [--coverage-output COVERAGE_FILE_PATH] [--verbose]
              [--statistics] [--no-status] [--debug] [--debug-config]
              [--profile-instructions] [--json-output JSON_FILE_PATH]
              [--minimal-json-output] [--print-steps] [--print-mem]
              [--print-states] [--print-success-states]
              [--print-failed-states] [--print-blocked-states]
              [--print-setup-states] [--print-full-model] [--early-exit]
              [--dump-smt-queries] [--dump-smt-directory DIRECTORY_PATH]
              [--disable-gc] [--trace-memory]
              [--trace-events EVENT1,EVENT2,...]
              [--forge-build-out DIRECTORY_NAME]
              [--solver {yices-2.6.5,yices-2.6.4,z3,bitwuzla-0.8.1,cvc5-1.2.1,yices,cvc5,cvc5-int,bitwuzla,bitwuzla-abs}]
              [--smt-exp-by-const N] [--solver-timeout-branching TIMEOUT]
              [--solver-timeout-assertion TIMEOUT] [--solver-max-memory SIZE]
              [--solver-command COMMAND] [--solver-threads N] [--cache-solver]
              [--symbolic-jump] [--flamegraph] [--test-parallel]
              [--solver-parallel] [--log LOG_FILE_PATH]
              [--uninterpreted-unknown-calls SELECTOR1,SELECTOR2,...]
              [--return-size-of-unknown-calls BYTE_SIZE]
halmos: error: unrecognized arguments: --solver-timeout-unknown 0
