Compiling 31 files with Solc 0.8.30
Solc 0.8.30 finished in 1.60s
Compiler run successful with warnings:
Warning (2072): Unused local variable.
  --> test/EquivalenceTest.t.sol:94:9:
   |
94 |         uint256 wrong_optimization = (n * n) / 2;
   |         ^^^^^^^^^^^^^^^^^^^^^^^^^^

Warning (5667): Unused try/catch parameter. Remove or comment out the variable name to silence this warning.
  --> test/EquivalenceTest.t.sol:96:44:
   |
96 |         try original.sumSeries(n) returns (uint256 res) {
   |                                            ^^^^^^^^^^^

Warning (2018): Function state mutability can be restricted to view
  --> test/EquivalenceTest.t.sol:89:5:
   |
89 |     function check_bug_detection(uint256 n) public {
   |     ^ (Relevant source part starts here and spans across multiple lines).

note[screaming-snake-case-immutable]: immutables should use SCREAMING_SNAKE_CASE
 --> /Users/sourenakhanzadeh/programming/thesis/formal_verification/halmosProj/src/CappedDepositsOpt.sol:7:30
  |
7 |     uint256 public immutable cap;
  |                              ---
  |
  = help: https://book.getfoundry.sh/reference/forge/forge-lint#screaming-snake-case-immutable

note[screaming-snake-case-immutable]: immutables should use SCREAMING_SNAKE_CASE
 --> /Users/sourenakhanzadeh/programming/thesis/formal_verification/halmosProj/src/CappedDeposits.sol:7:30
  |
7 |     uint256 public immutable cap;
  |                              ---
  |
  = help: https://book.getfoundry.sh/reference/forge/forge-lint#screaming-snake-case-immutable

note[unaliased-plain-import]: use named imports '{A, B}' or alias 'import ".." as X'
 --> /Users/sourenakhanzadeh/programming/thesis/formal_verification/halmosProj/test/AutoEquivalenceTest.t.sol:6:8
  |
6 | import "halmos-cheatcodes/SymTest.sol";
  |        -------------------------------
  |
  = help: https://book.getfoundry.sh/reference/forge/forge-lint#unaliased-plain-import

note[unaliased-plain-import]: use named imports '{A, B}' or alias 'import ".." as X'
 --> /Users/sourenakhanzadeh/programming/thesis/formal_verification/halmosProj/test/AutoEquivalenceTest.t.sol:7:8
  |
7 | import "forge-std/Test.sol";
  |        --------------------
  |
  = help: https://book.getfoundry.sh/reference/forge/forge-lint#unaliased-plain-import

note[mixed-case-function]: function names should use mixedCase
  --> /Users/sourenakhanzadeh/programming/thesis/formal_verification/halmosProj/test/AutoEquivalenceTest.t.sol:36:14
   |
36 |     function check_function_equivalence(
   |              --------------------------
   |
   = help: https://book.getfoundry.sh/reference/forge/forge-lint#mixed-case-function

note[mixed-case-function]: function names should use mixedCase
  --> /Users/sourenakhanzadeh/programming/thesis/formal_verification/halmosProj/test/AutoEquivalenceTest.t.sol:57:14
   |
57 |     function check_equivalence_deposit(uint256 amount) public {
   |              -------------------------
   |
   = help: https://book.getfoundry.sh/reference/forge/forge-lint#mixed-case-function

note[mixed-case-function]: function names should use mixedCase
  --> /Users/sourenakhanzadeh/programming/thesis/formal_verification/halmosProj/test/AutoEquivalenceTest.t.sol:68:14
   |
68 |     function check_equivalence_withdraw(uint256 amount) public {
   |              --------------------------
   |
   = help: https://book.getfoundry.sh/reference/forge/forge-lint#mixed-case-function

note[mixed-case-variable]: mutable variables should use mixedCase
  --> /Users/sourenakhanzadeh/programming/thesis/formal_verification/halmosProj/test/AutoEquivalenceTest.t.sol:73:15
   |
73 |         (bool dep_success1, ) = address(original).call(
   |               ------------
   |
   = help: https://book.getfoundry.sh/reference/forge/forge-lint#mixed-case-variable

note[mixed-case-variable]: mutable variables should use mixedCase
  --> /Users/sourenakhanzadeh/programming/thesis/formal_verification/halmosProj/test/AutoEquivalenceTest.t.sol:76:15
   |
76 |         (bool dep_success2, ) = address(optimized).call(
   |               ------------
   |
   = help: https://book.getfoundry.sh/reference/forge/forge-lint#mixed-case-variable

note[unaliased-plain-import]: use named imports '{A, B}' or alias 'import ".." as X'
 --> /Users/sourenakhanzadeh/programming/thesis/formal_verification/halmosProj/test/EquivalenceTest.t.sol:4:8
  |
4 | import "halmos-cheatcodes/SymTest.sol";
  |        -------------------------------
  |
  = help: https://book.getfoundry.sh/reference/forge/forge-lint#unaliased-plain-import

note[unaliased-plain-import]: use named imports '{A, B}' or alias 'import ".." as X'
 --> /Users/sourenakhanzadeh/programming/thesis/formal_verification/halmosProj/test/EquivalenceTest.t.sol:5:8
  |
5 | import "forge-std/Test.sol";
  |        --------------------
  |
  = help: https://book.getfoundry.sh/reference/forge/forge-lint#unaliased-plain-import

note[mixed-case-function]: function names should use mixedCase
  --> /Users/sourenakhanzadeh/programming/thesis/formal_verification/halmosProj/test/EquivalenceTest.t.sol:54:14
   |
54 |     function check_equivalence_sumSeries(uint256 n) public {
   |              ---------------------------
   |
   = help: https://book.getfoundry.sh/reference/forge/forge-lint#mixed-case-function

note[mixed-case-function]: function names should use mixedCase
  --> /Users/sourenakhanzadeh/programming/thesis/formal_verification/halmosProj/test/EquivalenceTest.t.sol:89:14
   |
89 |     function check_bug_detection(uint256 n) public {
   |              -------------------
   |
   = help: https://book.getfoundry.sh/reference/forge/forge-lint#mixed-case-function

note[mixed-case-variable]: mutable variables should use mixedCase
  --> /Users/sourenakhanzadeh/programming/thesis/formal_verification/halmosProj/test/EquivalenceTest.t.sol:94:17
   |
94 |         uint256 wrong_optimization = (n * n) / 2;
   |                 ------------------
   |
   = help: https://book.getfoundry.sh/reference/forge/forge-lint#mixed-case-variable

note[mixed-case-variable]: mutable variables should use mixedCase
  --> /Users/sourenakhanzadeh/programming/thesis/formal_verification/halmosProj/test/AutoEquivalenceTest.t.sol:84:15
   |
84 |         (bool success1_1, bytes memory returnData1_1) = address(original).call(
   |               ----------
   |
   = help: https://book.getfoundry.sh/reference/forge/forge-lint#mixed-case-variable

note[mixed-case-variable]: mutable variables should use mixedCase
  --> /Users/sourenakhanzadeh/programming/thesis/formal_verification/halmosProj/test/AutoEquivalenceTest.t.sol:84:40
   |
84 |         (bool success1_1, bytes memory returnData1_1) = address(original).call(
   |                                        -------------
   |
   = help: https://book.getfoundry.sh/reference/forge/forge-lint#mixed-case-variable

note[mixed-case-variable]: mutable variables should use mixedCase
  --> /Users/sourenakhanzadeh/programming/thesis/formal_verification/halmosProj/test/AutoEquivalenceTest.t.sol:87:15
   |
87 |         (bool success2_1, bytes memory returnData2_1) = address(optimized).call(
   |               ----------
   |
   = help: https://book.getfoundry.sh/reference/forge/forge-lint#mixed-case-variable

note[mixed-case-variable]: mutable variables should use mixedCase
  --> /Users/sourenakhanzadeh/programming/thesis/formal_verification/halmosProj/test/AutoEquivalenceTest.t.sol:87:40
   |
87 |         (bool success2_1, bytes memory returnData2_1) = address(optimized).call(
   |                                        -------------
   |
   = help: https://book.getfoundry.sh/reference/forge/forge-lint#mixed-case-variable

note[mixed-case-variable]: mutable variables should use mixedCase
  --> /Users/sourenakhanzadeh/programming/thesis/formal_verification/halmosProj/test/AutoEquivalenceTest.t.sol:99:15
   |
99 |         (bool success1_2, bytes memory returnData1_2) = address(original).call(
   |               ----------
   |
   = help: https://book.getfoundry.sh/reference/forge/forge-lint#mixed-case-variable

note[mixed-case-variable]: mutable variables should use mixedCase
  --> /Users/sourenakhanzadeh/programming/thesis/formal_verification/halmosProj/test/AutoEquivalenceTest.t.sol:99:40
   |
99 |         (bool success1_2, bytes memory returnData1_2) = address(original).call(
   |                                        -------------
   |
   = help: https://book.getfoundry.sh/reference/forge/forge-lint#mixed-case-variable

note[mixed-case-variable]: mutable variables should use mixedCase
   --> /Users/sourenakhanzadeh/programming/thesis/formal_verification/halmosProj/test/AutoEquivalenceTest.t.sol:102:15
    |
102 |         (bool success2_2, bytes memory returnData2_2) = address(optimized).call(
    |               ----------
    |
    = help: https://book.getfoundry.sh/reference/forge/forge-lint#mixed-case-variable

note[mixed-case-variable]: mutable variables should use mixedCase
   --> /Users/sourenakhanzadeh/programming/thesis/formal_verification/halmosProj/test/AutoEquivalenceTest.t.sol:102:40
    |
102 |         (bool success2_2, bytes memory returnData2_2) = address(optimized).call(
    |                                        -------------
    |
    = help: https://book.getfoundry.sh/reference/forge/forge-lint#mixed-case-variable


Running 2 tests for test/AutoEquivalenceTest.t.sol:AutoEquivalenceTest
[32m[PASS][0m check_equivalence_deposit(uint256) (paths: 1, time: 0.02s, bounds: [])
[32m[PASS][0m check_equivalence_withdraw(uint256) (paths: 3, time: 0.09s, bounds: [])
Symbolic test result: 2 passed; 0 failed; time: 0.12s
